<?xml version="1.0" encoding="UTF-8"?>
<!-- Generated by org.testng.reporters.JUnitReportReporter -->
<testsuite hostname="DESKTOP-9S44TPR" failures="0" tests="1" name="com.ranker.pom.testcases.Worthy" time="28.785" errors="0" timestamp="10 May 2022 05:38:38 GMT">
  <testcase classname="com.ranker.pom.testcases.Worthy" name="worthy_hidden_toast" time="28.785"/>
</testsuite> <!-- com.ranker.pom.testcases.Worthy -->
