<?xml version="1.0" encoding="UTF-8"?>
<!-- Generated by org.testng.reporters.JUnitReportReporter -->
<testsuite hostname="Javeedkhan" failures="0" tests="1" name="com.startupoi.pom.testcases.Signout" time="0.653" errors="0" timestamp="23 Oct 2022 17:09:47 GMT">
  <testcase classname="com.startupoi.pom.testcases.Signout" name="login" time="0.653"/>
</testsuite> <!-- com.startupoi.pom.testcases.Signout -->
