<?xml version="1.0" encoding="UTF-8"?>
<!-- Generated by org.testng.reporters.JUnitReportReporter -->
<testsuite hostname="SajidkhanPathan" failures="0" tests="15" name="com.crowdstaffing.pom.testcases.Signup" time="324.368" errors="0" timestamp="19 Sep 2022 11:44:21 GMT">
  <testcase classname="com.crowdstaffing.pom.testcases.Signup" name="addClient" time="64.355"/>
  <testcase classname="com.crowdstaffing.pom.testcases.Signup" name="verifySignUpText" time="6.519"/>
  <testcase classname="com.crowdstaffing.pom.testcases.Signup" name="verifywelcomeModal" time="13.385"/>
  <testcase classname="com.crowdstaffing.pom.testcases.Signup" name="verifyErrorFieldWebsite" time="24.926"/>
  <testcase classname="com.crowdstaffing.pom.testcases.Signup" name="addHireOrgDetails" time="46.487"/>
  <testcase classname="com.crowdstaffing.pom.testcases.Signup" name="verifyErrorFieldIndustryType" time="26.179"/>
  <testcase classname="com.crowdstaffing.pom.testcases.Signup" name="verifyErrorFieldAlreadyTakenName" time="19.570"/>
  <testcase classname="com.crowdstaffing.pom.testcases.Signup" name="ValidatehireOrg" time="18.340"/>
  <testcase classname="com.crowdstaffing.pom.testcases.Signup" name="addClientValidations" time="13.596"/>
  <testcase classname="com.crowdstaffing.pom.testcases.Signup" name="hireOrg" time="11.875"/>
  <testcase classname="com.crowdstaffing.pom.testcases.Signup" name="verifySignUpModal" time="0.583"/>
  <testcase classname="com.crowdstaffing.pom.testcases.Signup" name="homePage" time="12.498"/>
  <testcase classname="com.crowdstaffing.pom.testcases.Signup" name="signUp" time="8.231"/>
  <testcase classname="com.crowdstaffing.pom.testcases.Signup" name="verifyErrorFieldCountry" time="19.723"/>
  <testcase classname="com.crowdstaffing.pom.testcases.Signup" name="verifyErrorFieldSupervisiorManager" time="38.101"/>
</testsuite> <!-- com.crowdstaffing.pom.testcases.Signup -->
