<?xml version="1.0" encoding="UTF-8"?>
<!-- Generated by org.testng.reporters.JUnitReportReporter -->
<testsuite hostname="Javeedkhan" failures="0" tests="1" name="com.Iris.pom.testcases.Demo" time="13.257" errors="0" timestamp="23 Dec 2022 13:31:01 GMT">
  <testcase classname="com.Iris.pom.testcases.Demo" name="verifyOurSchoolApp" time="13.257"/>
</testsuite> <!-- com.Iris.pom.testcases.Demo -->
