<?xml version="1.0" encoding="UTF-8"?>
<!-- Generated by org.testng.reporters.JUnitReportReporter -->
<testsuite hostname="DESKTOP-9S44TPR" failures="0" tests="1" name="com.ranker.pom.testcases.Home" time="112.456" errors="0" timestamp="5 May 2022 10:43:57 GMT">
  <testcase classname="com.ranker.pom.testcases.Home" name="like_dislike" time="112.456"/>
</testsuite> <!-- com.ranker.pom.testcases.Home -->
