<?xml version="1.0" encoding="UTF-8"?>
<!-- Generated by org.testng.reporters.JUnitReportReporter -->
<testsuite hostname="Javeedkhan" failures="0" tests="1" name="com.Iris.pom.testcases.Signup" time="12.562" errors="0" timestamp="21 Dec 2022 07:07:37 GMT">
  <testcase classname="com.Iris.pom.testcases.Signup" name="verifySignUpModal" time="12.562"/>
</testsuite> <!-- com.Iris.pom.testcases.Signup -->
