<?xml version="1.0" encoding="UTF-8"?>
<!-- Generated by org.testng.reporters.JUnitReportReporter -->
<testsuite hostname="SajidkhanPathan" failures="0" tests="5" name="com.numadic.pom.testcases.Signup" time="4.157" errors="0" timestamp="26 Aug 2022 04:59:54 GMT">
  <testcase classname="com.numadic.pom.testcases.Signup" name="searchJob" time="0.206"/>
  <testcase classname="com.numadic.pom.testcases.Signup" name="applyForQaEgineerJob" time="0.147"/>
  <testcase classname="com.numadic.pom.testcases.Signup" name="signUp" time="0.242"/>
  <testcase classname="com.numadic.pom.testcases.Signup" name="fullTimeJobSearch" time="0.909"/>
  <testcase classname="com.numadic.pom.testcases.Signup" name="validateThePersonalDetails" time="2.653"/>
</testsuite> <!-- com.numadic.pom.testcases.Signup -->
