<?xml version="1.0" encoding="UTF-8"?>
<!-- Generated by org.testng.reporters.JUnitReportReporter -->
<testsuite hostname="Javeedkhan" failures="0" tests="1" name="com.Qad.pom.testcases.Signup" time="9.086" errors="0" timestamp="20 Dec 2022 06:28:52 GMT">
  <testcase classname="com.Qad.pom.testcases.Signup" name="verifySignUpModal" time="9.086"/>
</testsuite> <!-- com.Qad.pom.testcases.Signup -->
